Folder "./scully" doesn't seem to contain custom plugins Deprecation Notice:
       ======================================================================
         From now on, the plugin that is being used to render a route is
         able to be changed by the user. You can do this by adding or
         enabling the plugin your scully.terra-nusa-teknologi.config.ts
         file. For your convenience, we loaded the Puppeteer plugin for you.

         To disable this warning enable the plugin of your choice.
         for Puppeteer please add:
             import '@scullyio/scully-plugin-puppeteer';
          to your scully.terra-nusa-teknologi.config.ts file.

          When you get this warning while not using scully-plugin-puppeteer
          you need to set the defaultRouteRenderer to the name of your plugin.
          The defaultRouteRenderer is now set to 'routeRenderer'.
       ======================================================================

(You can skip this, or any future question by using the --noPrompt flag)
No configuration for route "/Blog/Tag/:tag" found. SkippingNo configuration for route "/Blog/:id/:title" found. Skipping

Folder "./scully" doesn't seem to contain custom plugins Deprecation Notice:
       ======================================================================
         From now on, the plugin that is being used to render a route is
         able to be changed by the user. You can do this by adding or
         enabling the plugin your scully.terra-nusa-teknologi.config.ts
         file. For your convenience, we loaded the Puppeteer plugin for you.

         To disable this warning enable the plugin of your choice.
         for Puppeteer please add:
             import '@scullyio/scully-plugin-puppeteer';
          to your scully.terra-nusa-teknologi.config.ts file.

          When you get this warning while not using scully-plugin-puppeteer
          you need to set the defaultRouteRenderer to the name of your plugin.
          The defaultRouteRenderer is now set to 'routeRenderer'.
       ======================================================================

No configuration for route "/Blog/Tag/:tag" found. SkippingNo configuration for route "/Blog/:id/:title" found. Skipping

Folder "./scully" doesn't seem to contain custom plugins Deprecation Notice:
       ======================================================================
         From now on, the plugin that is being used to render a route is
         able to be changed by the user. You can do this by adding or
         enabling the plugin your scully.terra-nusa-teknologi.config.ts
         file. For your convenience, we loaded the Puppeteer plugin for you.

         To disable this warning enable the plugin of your choice.
         for Puppeteer please add:
             import '@scullyio/scully-plugin-puppeteer';
          to your scully.terra-nusa-teknologi.config.ts file.

          When you get this warning while not using scully-plugin-puppeteer
          you need to set the defaultRouteRenderer to the name of your plugin.
          The defaultRouteRenderer is now set to 'routeRenderer'.
       ======================================================================

----------------------------------Using stored unhandled routes!.   To discover new routes in the angular app use "npx scully --scanRoutes"No configuration for route "/Blog/:id/:title" found. Skipping----------------------------------No configuration for route "/Blog/Tag/:tag" found. Skipping





Folder "./scully" doesn't seem to contain custom plugins Deprecation Notice:
       ======================================================================
         From now on, the plugin that is being used to render a route is
         able to be changed by the user. You can do this by adding or
         enabling the plugin your scully.terra-nusa-teknologi.config.ts
         file. For your convenience, we loaded the Puppeteer plugin for you.

         To disable this warning enable the plugin of your choice.
         for Puppeteer please add:
             import '@scullyio/scully-plugin-puppeteer';
          to your scully.terra-nusa-teknologi.config.ts file.

          When you get this warning while not using scully-plugin-puppeteer
          you need to set the defaultRouteRenderer to the name of your plugin.
          The defaultRouteRenderer is now set to 'routeRenderer'.
       ======================================================================

No configuration for route "/Blog/Tag/:tag" found. SkippingNo configuration for route "/Blog/:id/:title" found. Skipping

Folder "./scully" doesn't seem to contain custom plugins Deprecation Notice:
       ======================================================================
         From now on, the plugin that is being used to render a route is
         able to be changed by the user. You can do this by adding or
         enabling the plugin your scully.terra-nusa-teknologi.config.ts
         file. For your convenience, we loaded the Puppeteer plugin for you.

         To disable this warning enable the plugin of your choice.
         for Puppeteer please add:
             import '@scullyio/scully-plugin-puppeteer';
          to your scully.terra-nusa-teknologi.config.ts file.

          When you get this warning while not using scully-plugin-puppeteer
          you need to set the defaultRouteRenderer to the name of your plugin.
          The defaultRouteRenderer is now set to 'routeRenderer'.
       ======================================================================

No configuration for route "/Blog/Tag/:tag" found. Skipping
Folder "./scully" doesn't seem to contain custom plugins Deprecation Notice:
       ======================================================================
         From now on, the plugin that is being used to render a route is
         able to be changed by the user. You can do this by adding or
         enabling the plugin your scully.terra-nusa-teknologi.config.ts
         file. For your convenience, we loaded the Puppeteer plugin for you.

         To disable this warning enable the plugin of your choice.
         for Puppeteer please add:
             import '@scullyio/scully-plugin-puppeteer';
          to your scully.terra-nusa-teknologi.config.ts file.

          When you get this warning while not using scully-plugin-puppeteer
          you need to set the defaultRouteRenderer to the name of your plugin.
          The defaultRouteRenderer is now set to 'routeRenderer'.
       ======================================================================

----------------------------------Using stored unhandled routes!.   To discover new routes in the angular app use "npx scully --scanRoutes"No configuration for route "/Blog/Tag/:tag" found. Skipping----------------------------------




Folder "./scully" doesn't seem to contain custom plugins Deprecation Notice:
       ======================================================================
         From now on, the plugin that is being used to render a route is
         able to be changed by the user. You can do this by adding or
         enabling the plugin your scully.terra-nusa-teknologi.config.ts
         file. For your convenience, we loaded the Puppeteer plugin for you.

         To disable this warning enable the plugin of your choice.
         for Puppeteer please add:
             import '@scullyio/scully-plugin-puppeteer';
          to your scully.terra-nusa-teknologi.config.ts file.

          When you get this warning while not using scully-plugin-puppeteer
          you need to set the defaultRouteRenderer to the name of your plugin.
          The defaultRouteRenderer is now set to 'routeRenderer'.
       ======================================================================

----------------------------------Using stored unhandled routes!.----------------------------------   To discover new routes in the angular app use "npx scully --scanRoutes"No configuration for route "/Blog/Tag/:tag" found. Skipping




Folder "./scully" doesn't seem to contain custom plugins Deprecation Notice:
       ======================================================================
         From now on, the plugin that is being used to render a route is
         able to be changed by the user. You can do this by adding or
         enabling the plugin your scully.terra-nusa-teknologi.config.ts
         file. For your convenience, we loaded the Puppeteer plugin for you.

         To disable this warning enable the plugin of your choice.
         for Puppeteer please add:
             import '@scullyio/scully-plugin-puppeteer';
          to your scully.terra-nusa-teknologi.config.ts file.

          When you get this warning while not using scully-plugin-puppeteer
          you need to set the defaultRouteRenderer to the name of your plugin.
          The defaultRouteRenderer is now set to 'routeRenderer'.
       ======================================================================

----------------------------------   To discover new routes in the angular app use "npx scully --scanRoutes"Using stored unhandled routes!.----------------------------------No configuration for route "/Blog/Tag/:tag" found. Skipping




Folder "./scully" doesn't seem to contain custom plugins Deprecation Notice:
       ======================================================================
         From now on, the plugin that is being used to render a route is
         able to be changed by the user. You can do this by adding or
         enabling the plugin your scully.terra-nusa-teknologi.config.ts
         file. For your convenience, we loaded the Puppeteer plugin for you.

         To disable this warning enable the plugin of your choice.
         for Puppeteer please add:
             import '@scullyio/scully-plugin-puppeteer';
          to your scully.terra-nusa-teknologi.config.ts file.

          When you get this warning while not using scully-plugin-puppeteer
          you need to set the defaultRouteRenderer to the name of your plugin.
          The defaultRouteRenderer is now set to 'routeRenderer'.
       ======================================================================

----------------------------------Using stored unhandled routes!.   To discover new routes in the angular app use "npx scully --scanRoutes"----------------------------------No configuration for route "/Blog/Tag/:tag" found. Skipping




Folder "./scully" doesn't seem to contain custom plugins Deprecation Notice:
       ======================================================================
         From now on, the plugin that is being used to render a route is
         able to be changed by the user. You can do this by adding or
         enabling the plugin your scully.terra-nusa-teknologi.config.ts
         file. For your convenience, we loaded the Puppeteer plugin for you.

         To disable this warning enable the plugin of your choice.
         for Puppeteer please add:
             import '@scullyio/scully-plugin-puppeteer';
          to your scully.terra-nusa-teknologi.config.ts file.

          When you get this warning while not using scully-plugin-puppeteer
          you need to set the defaultRouteRenderer to the name of your plugin.
          The defaultRouteRenderer is now set to 'routeRenderer'.
       ======================================================================

----------------------------------Using stored unhandled routes!.   To discover new routes in the angular app use "npx scully --scanRoutes"----------------------------------No configuration for route "/Blog/Tag/:tag" found. SkippingReferenceError: XMLHttpRequest is not defined The router plugin "blogsPlugin has thrown the below error,
              while trying to render route "unknown"
              Scully will exit






Folder "./scully" doesn't seem to contain custom plugins Deprecation Notice:
       ======================================================================
         From now on, the plugin that is being used to render a route is
         able to be changed by the user. You can do this by adding or
         enabling the plugin your scully.terra-nusa-teknologi.config.ts
         file. For your convenience, we loaded the Puppeteer plugin for you.

         To disable this warning enable the plugin of your choice.
         for Puppeteer please add:
             import '@scullyio/scully-plugin-puppeteer';
          to your scully.terra-nusa-teknologi.config.ts file.

          When you get this warning while not using scully-plugin-puppeteer
          you need to set the defaultRouteRenderer to the name of your plugin.
          The defaultRouteRenderer is now set to 'routeRenderer'.
       ======================================================================

Folder "./scully" doesn't seem to contain custom plugins Deprecation Notice:
       ======================================================================
         From now on, the plugin that is being used to render a route is
         able to be changed by the user. You can do this by adding or
         enabling the plugin your scully.terra-nusa-teknologi.config.ts
         file. For your convenience, we loaded the Puppeteer plugin for you.

         To disable this warning enable the plugin of your choice.
         for Puppeteer please add:
             import '@scullyio/scully-plugin-puppeteer';
          to your scully.terra-nusa-teknologi.config.ts file.

          When you get this warning while not using scully-plugin-puppeteer
          you need to set the defaultRouteRenderer to the name of your plugin.
          The defaultRouteRenderer is now set to 'routeRenderer'.
       ======================================================================

----------------------------------   To discover new routes in the angular app use "npx scully --scanRoutes"Using stored unhandled routes!.No configuration for route "/Blog/Tag/:tag" found. Skipping----------------------------------




Folder "./scully" doesn't seem to contain custom plugins Deprecation Notice:
       ======================================================================
         From now on, the plugin that is being used to render a route is
         able to be changed by the user. You can do this by adding or
         enabling the plugin your scully.terra-nusa-teknologi.config.ts
         file. For your convenience, we loaded the Puppeteer plugin for you.

         To disable this warning enable the plugin of your choice.
         for Puppeteer please add:
             import '@scullyio/scully-plugin-puppeteer';
          to your scully.terra-nusa-teknologi.config.ts file.

          When you get this warning while not using scully-plugin-puppeteer
          you need to set the defaultRouteRenderer to the name of your plugin.
          The defaultRouteRenderer is now set to 'routeRenderer'.
       ======================================================================

----------------------------------Using stored unhandled routes!.   To discover new routes in the angular app use "npx scully --scanRoutes"----------------------------------No configuration for route "/Blog/Tag/:tag" found. Skipping




Folder "./scully" doesn't seem to contain custom plugins Deprecation Notice:
       ======================================================================
         From now on, the plugin that is being used to render a route is
         able to be changed by the user. You can do this by adding or
         enabling the plugin your scully.terra-nusa-teknologi.config.ts
         file. For your convenience, we loaded the Puppeteer plugin for you.

         To disable this warning enable the plugin of your choice.
         for Puppeteer please add:
             import '@scullyio/scully-plugin-puppeteer';
          to your scully.terra-nusa-teknologi.config.ts file.

          When you get this warning while not using scully-plugin-puppeteer
          you need to set the defaultRouteRenderer to the name of your plugin.
          The defaultRouteRenderer is now set to 'routeRenderer'.
       ======================================================================

----------------------------------Using stored unhandled routes!.   To discover new routes in the angular app use "npx scully --scanRoutes"----------------------------------No configuration for route "/Blog/Tag/:tag" found. Skipping




